<?xml version="1.0" encoding="UTF-8"?>
<!-- Generated by org.testng.reporters.JUnitReportReporter -->
<testsuite skipped="0" hostname="tarun-Vostro-230" name="com.way2sms.qa.testcases.LoginTest" tests="1" failures="0" timestamp="13 Dec 2018 11:54:36 GMT" time="15.202" errors="0">
  <testcase name="loginWithvalidPassword" time="15.202" classname="com.way2sms.qa.testcases.LoginTest"/>
</testsuite> <!-- com.way2sms.qa.testcases.LoginTest -->
