<?xml version="1.0" encoding="UTF-8"?>
<!-- Generated by org.testng.reporters.JUnitReportReporter -->
<testsuite skipped="0" hostname="tarun-Vostro-230" name="com.Bento.qa.testcases.LoginTest" tests="1" failures="0" timestamp="24 Jan 2019 14:25:31 GMT" time="28.784" errors="0">
  <testcase name="loginWithvalidPassword" time="28.784" classname="com.Bento.qa.testcases.LoginTest"/>
</testsuite> <!-- com.Bento.qa.testcases.LoginTest -->
