<?xml version="1.0" encoding="UTF-8"?>
<!-- Generated by org.testng.reporters.JUnitReportReporter -->
<testsuite skipped="0" hostname="tarun-Vostro-230" name="com.Bento.qa.testcases.Empsignuptest" tests="1" failures="0" timestamp="22 Jan 2019 07:09:15 GMT" time="37.048" errors="0">
  <testcase name="signuplink_click" time="37.048" classname="com.Bento.qa.testcases.Empsignuptest"/>
</testsuite> <!-- com.Bento.qa.testcases.Empsignuptest -->
