<?xml version="1.0" encoding="UTF-8"?>
<!-- Generated by org.testng.reporters.JUnitReportReporter -->
<testsuite skipped="0" hostname="tarun-Vostro-230" name="com.Bento.qa.testcases.AdmiLoginTest" tests="1" failures="0" timestamp="23 Jan 2019 10:49:50 GMT" time="10.296" errors="0">
  <testcase name="logintest" time="10.296" classname="com.Bento.qa.testcases.AdmiLoginTest"/>
</testsuite> <!-- com.Bento.qa.testcases.AdmiLoginTest -->
