<?xml version="1.0" encoding="UTF-8"?>
<!-- Generated by org.testng.reporters.JUnitReportReporter -->
<testsuite skipped="0" hostname="tarun-Vostro-230" name="com.Bento.qa.testcases.LoginTest" tests="1" failures="0" timestamp="23 Jan 2019 10:48:14 GMT" time="15.327" errors="0">
  <testcase name="loginWithvalidPassword" time="15.327" classname="com.Bento.qa.testcases.LoginTest"/>
</testsuite> <!-- com.Bento.qa.testcases.LoginTest -->
